<?xml version="1.0" encoding="UTF-8"?>
<testng-results ignored="0" total="2" passed="2" failed="0" skipped="0">
  <reporter-output>
  </reporter-output>
  <suite started-at="2026-06-01T17:33:55 IST" name="Suite" finished-at="2026-06-01T17:34:30 IST" duration-ms="34287">
    <groups>
    </groups>
    <test started-at="2026-06-01T17:33:55 IST" name="Test" finished-at="2026-06-01T17:34:30 IST" duration-ms="34287">
      <class name="HS.PractiseProject.StandAlonetestDataProvider">
        <test-method signature="submitOrder(java.util.HashMap)[pri:0, instance:HS.PractiseProject.StandAlonetestDataProvider@17bffc17]" started-at="2026-06-01T17:33:56 IST" name="submitOrder" data-provider="getData" finished-at="2026-06-01T17:34:17 IST" duration-ms="21025" status="PASS">
          <params>
            <param index="0">
              <value>
                <![CDATA[{password=Test1234, countryAbbr=Ind, productName=iphone 13 pro, username=hardiksonigra97@gmail.com}]]>
              </value>
            </param>
          </params>
          <reporter-output>
          </reporter-output>
        </test-method> <!-- submitOrder -->
        <test-method signature="submitOrder(java.util.HashMap)[pri:0, instance:HS.PractiseProject.StandAlonetestDataProvider@17bffc17]" started-at="2026-06-01T17:34:17 IST" name="submitOrder" data-provider="getData" finished-at="2026-06-01T17:34:30 IST" duration-ms="12746" status="PASS">
          <params>
            <param index="0">
              <value>
                <![CDATA[{password=Test1234, countryAbbr=New, productName=ADIDAS ORIGINAL, username=hardyboy959595@gmail.com}]]>
              </value>
            </param>
          </params>
          <reporter-output>
          </reporter-output>
        </test-method> <!-- submitOrder -->
      </class> <!-- HS.PractiseProject.StandAlonetestDataProvider -->
    </test> <!-- Test -->
  </suite> <!-- Suite -->
</testng-results>
