<?xml version="1.0" encoding="UTF-8"?>
<!-- Generated by org.testng.reporters.JUnitReportReporter -->
<testsuite hostname="PCT54" failures="0" tests="2" name="HS.PractiseProject.StandAlonetestDataProvider" time="107.419" errors="0" timestamp="2026-05-28T09:58:44 IST" skipped="0">
  <testcase classname="HS.PractiseProject.StandAlonetestDataProvider" name="submitOrder" time="67.478"/>
  <testcase classname="HS.PractiseProject.StandAlonetestDataProvider" name="submitOrder" time="39.941"/>
</testsuite> <!-- HS.PractiseProject.StandAlonetestDataProvider -->
