<?xml version="1.0" encoding="UTF-8"?>
<!-- Generated by org.testng.reporters.JUnitReportReporter -->
<testsuite hostname="PCT54" failures="0" tests="2" name="HS.PractiseProject.StandAlonetestDataProvider" time="33.771" errors="0" timestamp="2026-06-01T17:34:30 IST" skipped="0">
  <testcase classname="HS.PractiseProject.StandAlonetestDataProvider" name="submitOrder" time="21.025"/>
  <testcase classname="HS.PractiseProject.StandAlonetestDataProvider" name="submitOrder" time="12.746"/>
</testsuite> <!-- HS.PractiseProject.StandAlonetestDataProvider -->
